1553265422552	mozrunner::runner	INFO	Running command: "/usr/local/bin/firefox" "-marionette" "-foreground" "-no-remote" "-profile" "/tmp/rust_mozprofile.DbvPSiywRSfJ"
1553265430656	Marionette	INFO	Listening on port 33291
1553265430685	Marionette	WARN	TLS certificate errors will be ignored for this session
*** UTM:SVC TimerManager:registerTimer called after profile-before-change notification. Ignoring timer registration for id: telemetry_modules_ping
1553517724497	mozrunner::runner	INFO	Running command: "/usr/local/bin/firefox" "-marionette" "-foreground" "-no-remote" "-profile" "/tmp/rust_mozprofile.gFOtj60KIasf"
1553517731786	Marionette	INFO	Listening on port 46841
1553517731861	Marionette	WARN	TLS certificate errors will be ignored for this session
1553517805727	mozrunner::runner	INFO	Running command: "/usr/local/bin/firefox" "-marionette" "-foreground" "-no-remote" "-profile" "/tmp/rust_mozprofile.V4D7mhPsWWN7"
1553517808230	Marionette	INFO	Listening on port 38541
1553517808233	Marionette	WARN	TLS certificate errors will be ignored for this session
1553518055734	mozrunner::runner	INFO	Running command: "/usr/local/bin/firefox" "-marionette" "-foreground" "-no-remote" "-profile" "/tmp/rust_mozprofile.6S0JFC2odZMF"
1553518058558	Marionette	INFO	Listening on port 35331
1553518058639	Marionette	WARN	TLS certificate errors will be ignored for this session
[Parent 24133, Gecko_IOThread] WARNING: pipe error (68): Connection reset by peer: file /builds/worker/workspace/build/src/ipc/chromium/src/chrome/common/ipc_channel_posix.cc, line 353
*** UTM:SVC TimerManager:registerTimer called after profile-before-change notification. Ignoring timer registration for id: telemetry_modules_ping
JavaScript error: resource://gre/modules/osfile/osfile_async_front.jsm, line 408: Error: OS.File has been shut down. Rejecting post to stat
1553525835240	mozrunner::runner	INFO	Running command: "/usr/local/bin/firefox" "-marionette" "-foreground" "-no-remote" "-profile" "/tmp/rust_mozprofile.XKMxYjSHuUcM"
1553525842607	Marionette	INFO	Listening on port 35683
1553525842614	Marionette	WARN	TLS certificate errors will be ignored for this session
1553525889167	mozrunner::runner	INFO	Running command: "/usr/local/bin/firefox" "-marionette" "-foreground" "-no-remote" "-profile" "/tmp/rust_mozprofile.XUcLZ774bdYB"
1553525891772	Marionette	INFO	Listening on port 40311
1553525891778	Marionette	WARN	TLS certificate errors will be ignored for this session
[GFX1-]: Receive IPC close with reason=AbnormalShutdown
[Child 30191, Chrome_ChildThread] WARNING: pipe error (3): Connection reset by peer: file /builds/worker/workspace/build/src/ipc/chromium/src/chrome/common/ipc_channel_posix.cc, line 353
1553525971955	mozrunner::runner	INFO	Running command: "/usr/local/bin/firefox" "-marionette" "-foreground" "-no-remote" "-profile" "/tmp/rust_mozprofile.IH16KY3xdbbe"
1553525974586	Marionette	INFO	Listening on port 36639
1553525974665	Marionette	WARN	TLS certificate errors will be ignored for this session
[Parent 30366, Gecko_IOThread] WARNING: pipe error (65): Connection reset by peer: file /builds/worker/workspace/build/src/ipc/chromium/src/chrome/common/ipc_channel_posix.cc, line 353
*** UTM:SVC TimerManager:registerTimer called after profile-before-change notification. Ignoring timer registration for id: telemetry_modules_ping
1553526040580	mozrunner::runner	INFO	Running command: "/usr/local/bin/firefox" "-marionette" "-foreground" "-no-remote" "-profile" "/tmp/rust_mozprofile.Op64OvNdHzUi"
1553526042963	Marionette	INFO	Listening on port 44019
1553526042993	Marionette	WARN	TLS certificate errors will be ignored for this session
1553526141563	mozrunner::runner	INFO	Running command: "/usr/local/bin/firefox" "-marionette" "-foreground" "-no-remote" "-profile" "/tmp/rust_mozprofile.WvIXkUQfWFbr"
1553526143768	Marionette	INFO	Listening on port 43909
1553526143880	Marionette	WARN	TLS certificate errors will be ignored for this session
1553526346271	mozrunner::runner	INFO	Running command: "/usr/local/bin/firefox" "-marionette" "-foreground" "-no-remote" "-profile" "/tmp/rust_mozprofile.5UFRWhP0UQqt"
1553526349142	Marionette	INFO	Listening on port 46657
1553526349187	Marionette	WARN	TLS certificate errors will be ignored for this session
1553526526008	mozrunner::runner	INFO	Running command: "/usr/local/bin/firefox" "-marionette" "-foreground" "-no-remote" "-profile" "/tmp/rust_mozprofile.K4gsTfvT5dp2"
1553526528480	Marionette	INFO	Listening on port 39779
1553526528528	Marionette	WARN	TLS certificate errors will be ignored for this session
1553526574380	mozrunner::runner	INFO	Running command: "/usr/local/bin/firefox" "-marionette" "-foreground" "-no-remote" "-profile" "/tmp/rust_mozprofile.3hFR2xB1ZUfs"
[Parent 31558, Gecko_IOThread] WARNING: pipe error (65): Connection reset by peer: file /builds/worker/workspace/build/src/ipc/chromium/src/chrome/common/ipc_channel_posix.cc, line 353
*** UTM:SVC TimerManager:registerTimer called after profile-before-change notification. Ignoring timer registration for id: telemetry_modules_ping
1553526577377	Marionette	INFO	Listening on port 41711
1553526577400	Marionette	WARN	TLS certificate errors will be ignored for this session
1553526703280	mozrunner::runner	INFO	Running command: "/usr/local/bin/firefox" "-marionette" "-foreground" "-no-remote" "-profile" "/tmp/rust_mozprofile.21M8FKLvgOpw"
1553526705867	Marionette	INFO	Listening on port 37713
1553526705890	Marionette	WARN	TLS certificate errors will be ignored for this session
[Parent 32145, Gecko_IOThread] WARNING: pipe error (68): Connection reset by peer: file /builds/worker/workspace/build/src/ipc/chromium/src/chrome/common/ipc_channel_posix.cc, line 353
*** UTM:SVC TimerManager:registerTimer called after profile-before-change notification. Ignoring timer registration for id: telemetry_modules_ping
1553526763539	mozrunner::runner	INFO	Running command: "/usr/local/bin/firefox" "-marionette" "-foreground" "-no-remote" "-profile" "/tmp/rust_mozprofile.33mQiQW7yWEq"
1553526766102	Marionette	INFO	Listening on port 41745
1553526766155	Marionette	WARN	TLS certificate errors will be ignored for this session
1553526833564	mozrunner::runner	INFO	Running command: "/usr/local/bin/firefox" "-marionette" "-foreground" "-no-remote" "-profile" "/tmp/rust_mozprofile.C5yFZtYlpv04"
1553526836274	Marionette	INFO	Listening on port 33529
1553526836373	Marionette	WARN	TLS certificate errors will be ignored for this session
[Parent 32618, Gecko_IOThread] WARNING: pipe error (65): Connection reset by peer: file /builds/worker/workspace/build/src/ipc/chromium/src/chrome/common/ipc_channel_posix.cc, line 353
*** UTM:SVC TimerManager:registerTimer called after profile-before-change notification. Ignoring timer registration for id: telemetry_modules_ping
[Parent 32397, Gecko_IOThread] WARNING: pipe error (52): Connection reset by peer: file /builds/worker/workspace/build/src/ipc/chromium/src/chrome/common/ipc_channel_posix.cc, line 353
1553526890846	mozrunner::runner	INFO	Running command: "/usr/local/bin/firefox" "-marionette" "-foreground" "-no-remote" "-profile" "/tmp/rust_mozprofile.b3Ws8XmrFRId"
1553526893369	Marionette	INFO	Listening on port 42323
1553526893457	Marionette	WARN	TLS certificate errors will be ignored for this session
[Parent 429, Gecko_IOThread] WARNING: pipe error (68): Connection reset by peer: file /builds/worker/workspace/build/src/ipc/chromium/src/chrome/common/ipc_channel_posix.cc, line 353
*** UTM:SVC TimerManager:registerTimer called after profile-before-change notification. Ignoring timer registration for id: telemetry_modules_ping
1553526938702	mozrunner::runner	INFO	Running command: "/usr/local/bin/firefox" "-marionette" "-foreground" "-no-remote" "-profile" "/tmp/rust_mozprofile.255Tsf8XAJy1"
1553526941206	Marionette	INFO	Listening on port 35671
1553526941212	Marionette	WARN	TLS certificate errors will be ignored for this session
1553527446195	mozrunner::runner	INFO	Running command: "/usr/local/bin/firefox" "-marionette" "-foreground" "-no-remote" "-profile" "/tmp/rust_mozprofile.X6yd1WiNfbx1"
1553527448868	Marionette	INFO	Listening on port 33097
1553527448909	Marionette	WARN	TLS certificate errors will be ignored for this session
IPDL protocol error: Handler returned error code!

###!!! [Parent][DispatchAsyncMessage] Error: PLayerTransaction::Msg_ReleaseLayer Processing error: message was deserialized, but the handler returned false (indicating failure)

IPDL protocol error: Handler returned error code!

###!!! [Parent][DispatchAsyncMessage] Error: PLayerTransaction::Msg_ReleaseLayer Processing error: message was deserialized, but the handler returned false (indicating failure)

IPDL protocol error: Handler returned error code!

###!!! [Parent][DispatchAsyncMessage] Error: PLayerTransaction::Msg_ReleaseLayer Processing error: message was deserialized, but the handler returned false (indicating failure)

*** UTM:SVC TimerManager:registerTimer called after profile-before-change notification. Ignoring timer registration for id: telemetry_modules_ping
1553527548017	mozrunner::runner	INFO	Running command: "/usr/local/bin/firefox" "-marionette" "-foreground" "-no-remote" "-profile" "/tmp/rust_mozprofile.zbaIXrDqUUrm"
1553527550732	Marionette	INFO	Listening on port 34241
1553527550849	Marionette	WARN	TLS certificate errors will be ignored for this session
IPDL protocol error: Handler returned error code!

###!!! [Parent][DispatchAsyncMessage] Error: PLayerTransaction::Msg_ReleaseLayer Processing error: message was deserialized, but the handler returned false (indicating failure)

IPDL protocol error: Handler returned error code!

###!!! [Parent][DispatchAsyncMessage] Error: PLayerTransaction::Msg_ReleaseLayer Processing error: message was deserialized, but the handler returned false (indicating failure)

IPDL protocol error: Handler returned error code!

###!!! [Parent][DispatchAsyncMessage] Error: PLayerTransaction::Msg_ReleaseLayer Processing error: message was deserialized, but the handler returned false (indicating failure)

*** UTM:SVC TimerManager:registerTimer called after profile-before-change notification. Ignoring timer registration for id: telemetry_modules_ping
1553527603483	mozrunner::runner	INFO	Running command: "/usr/local/bin/firefox" "-marionette" "-foreground" "-no-remote" "-profile" "/tmp/rust_mozprofile.bNO7UYSS9HeA"
1553527605957	Marionette	INFO	Listening on port 46119
1553527605991	Marionette	WARN	TLS certificate errors will be ignored for this session
*** UTM:SVC TimerManager:registerTimer called after profile-before-change notification. Ignoring timer registration for id: telemetry_modules_ping
1553527753008	mozrunner::runner	INFO	Running command: "/usr/local/bin/firefox" "-marionette" "-foreground" "-no-remote" "-profile" "/tmp/rust_mozprofile.0XY9sQgFh00k"
1553527755678	Marionette	INFO	Listening on port 37225
1553527755720	Marionette	WARN	TLS certificate errors will be ignored for this session
IPDL protocol error: Handler returned error code!

###!!! [Parent][DispatchAsyncMessage] Error: PLayerTransaction::Msg_ReleaseLayer Processing error: message was deserialized, but the handler returned false (indicating failure)

IPDL protocol error: Handler returned error code!

###!!! [Parent][DispatchAsyncMessage] Error: PLayerTransaction::Msg_ReleaseLayer Processing error: message was deserialized, but the handler returned false (indicating failure)

IPDL protocol error: Handler returned error code!

###!!! [Parent][DispatchAsyncMessage] Error: PLayerTransaction::Msg_ReleaseLayer Processing error: message was deserialized, but the handler returned false (indicating failure)

*** UTM:SVC TimerManager:registerTimer called after profile-before-change notification. Ignoring timer registration for id: telemetry_modules_ping
1553527795785	mozrunner::runner	INFO	Running command: "/usr/local/bin/firefox" "-marionette" "-foreground" "-no-remote" "-profile" "/tmp/rust_mozprofile.GZ0u6L1TTaoH"
1553527798113	Marionette	INFO	Listening on port 42339
1553527798193	Marionette	WARN	TLS certificate errors will be ignored for this session
[Parent 2660, Gecko_IOThread] WARNING: pipe error (65): Connection reset by peer: file /builds/worker/workspace/build/src/ipc/chromium/src/chrome/common/ipc_channel_posix.cc, line 353
1553582349547	mozrunner::runner	INFO	Running command: "/usr/local/bin/firefox" "-marionette" "-foreground" "-no-remote" "-profile" "/tmp/rust_mozprofile.nuIY4HboRv0f"
1553582357031	Marionette	INFO	Listening on port 45113
1553582357102	Marionette	WARN	TLS certificate errors will be ignored for this session

(/opt/firefox/firefox:5744): dconf-WARNING **: 08:39:22.945: Unable to open /var/lib/flatpak/exports/share/dconf/profile/user: Permission denied
IPDL protocol error: Handler returned error code!

###!!! [Parent][DispatchAsyncMessage] Error: PLayerTransaction::Msg_ReleaseLayer Processing error: message was deserialized, but the handler returned false (indicating failure)

IPDL protocol error: Handler returned error code!

###!!! [Parent][DispatchAsyncMessage] Error: PLayerTransaction::Msg_ReleaseLayer Processing error: message was deserialized, but the handler returned false (indicating failure)

IPDL protocol error: Handler returned error code!

###!!! [Parent][DispatchAsyncMessage] Error: PLayerTransaction::Msg_ReleaseLayer Processing error: message was deserialized, but the handler returned false (indicating failure)

*** UTM:SVC TimerManager:registerTimer called after profile-before-change notification. Ignoring timer registration for id: telemetry_modules_ping
1553582426804	mozrunner::runner	INFO	Running command: "/usr/local/bin/firefox" "-marionette" "-foreground" "-no-remote" "-profile" "/tmp/rust_mozprofile.F3ZuuAH96V1B"
1553582429227	Marionette	INFO	Listening on port 45891
1553582429340	Marionette	WARN	TLS certificate errors will be ignored for this session
*** UTM:SVC TimerManager:registerTimer called after profile-before-change notification. Ignoring timer registration for id: telemetry_modules_ping
1553582462765	mozrunner::runner	INFO	Running command: "/usr/local/bin/firefox" "-marionette" "-foreground" "-no-remote" "-profile" "/tmp/rust_mozprofile.C2UegAT7A0DT"
1553582464980	Marionette	INFO	Listening on port 34415
1553582465107	Marionette	WARN	TLS certificate errors will be ignored for this session
*** UTM:SVC TimerManager:registerTimer called after profile-before-change notification. Ignoring timer registration for id: telemetry_modules_ping
1553582500988	mozrunner::runner	INFO	Running command: "/usr/local/bin/firefox" "-marionette" "-foreground" "-no-remote" "-profile" "/tmp/rust_mozprofile.2WEVYGc9b6yE"
1553582503365	Marionette	INFO	Listening on port 39933
1553582503407	Marionette	WARN	TLS certificate errors will be ignored for this session
*** UTM:SVC TimerManager:registerTimer called after profile-before-change notification. Ignoring timer registration for id: telemetry_modules_ping
1553582524364	mozrunner::runner	INFO	Running command: "/usr/local/bin/firefox" "-marionette" "-foreground" "-no-remote" "-profile" "/tmp/rust_mozprofile.GUk72ZgZNmkV"
1553582526887	Marionette	INFO	Listening on port 41879
1553582526970	Marionette	WARN	TLS certificate errors will be ignored for this session
IPDL protocol error: Handler returned error code!

###!!! [Parent][DispatchAsyncMessage] Error: PLayerTransaction::Msg_ReleaseLayer Processing error: message was deserialized, but the handler returned false (indicating failure)

IPDL protocol error: Handler returned error code!

###!!! [Parent][DispatchAsyncMessage] Error: PLayerTransaction::Msg_ReleaseLayer Processing error: message was deserialized, but the handler returned false (indicating failure)

IPDL protocol error: Handler returned error code!

###!!! [Parent][DispatchAsyncMessage] Error: PLayerTransaction::Msg_ReleaseLayer Processing error: message was deserialized, but the handler returned false (indicating failure)

*** UTM:SVC TimerManager:registerTimer called after profile-before-change notification. Ignoring timer registration for id: telemetry_modules_ping
1553582547713	mozrunner::runner	INFO	Running command: "/usr/local/bin/firefox" "-marionette" "-foreground" "-no-remote" "-profile" "/tmp/rust_mozprofile.WTHu1ZlAdVxQ"
1553582550119	Marionette	INFO	Listening on port 43203
1553582550224	Marionette	WARN	TLS certificate errors will be ignored for this session
1553582659500	mozrunner::runner	INFO	Running command: "/usr/local/bin/firefox" "-marionette" "-foreground" "-no-remote" "-profile" "/tmp/rust_mozprofile.Z7JPrRXcJv5Y"
1553582662027	Marionette	INFO	Listening on port 36283
1553582662119	Marionette	WARN	TLS certificate errors will be ignored for this session

(/opt/firefox/firefox:7158): dconf-WARNING **: 08:44:57.948: Unable to open /var/lib/flatpak/exports/share/dconf/profile/user: Permission denied
[Parent 7082, Gecko_IOThread] WARNING: pipe error (52): Connection reset by peer: file /builds/worker/workspace/build/src/ipc/chromium/src/chrome/common/ipc_channel_posix.cc, line 353
1553589824567	mozrunner::runner	INFO	Running command: "/usr/local/bin/firefox" "-marionette" "-foreground" "-no-remote" "-profile" "/tmp/rust_mozprofile.qKksmP98KgYU"
1553589827480	Marionette	INFO	Listening on port 46521
1553589827601	Marionette	WARN	TLS certificate errors will be ignored for this session
*** UTM:SVC TimerManager:registerTimer called after profile-before-change notification. Ignoring timer registration for id: telemetry_modules_ping
1553590050052	mozrunner::runner	INFO	Running command: "/usr/local/bin/firefox" "-marionette" "-foreground" "-no-remote" "-profile" "/tmp/rust_mozprofile.EKEN9KlLziwz"
1553590052776	Marionette	INFO	Listening on port 34991
1553590052859	Marionette	WARN	TLS certificate errors will be ignored for this session

(/opt/firefox/firefox:14433): dconf-WARNING **: 10:48:09.309: Unable to open /var/lib/flatpak/exports/share/dconf/profile/user: Permission denied
1553596159614	mozrunner::runner	INFO	Running command: "/usr/local/bin/firefox" "-marionette" "-foreground" "-no-remote" "-profile" "/tmp/rust_mozprofile.tRiGEhncagx7"
1553596162557	Marionette	INFO	Listening on port 44969
1553596162623	Marionette	WARN	TLS certificate errors will be ignored for this session
*** UTM:SVC TimerManager:registerTimer called after profile-before-change notification. Ignoring timer registration for id: telemetry_modules_ping
1553596308360	mozrunner::runner	INFO	Running command: "/usr/local/bin/firefox" "-marionette" "-foreground" "-no-remote" "-profile" "/tmp/rust_mozprofile.QyuiwJi2lWVa"
1553596310945	Marionette	INFO	Listening on port 36619
1553596310980	Marionette	WARN	TLS certificate errors will be ignored for this session
*** UTM:SVC TimerManager:registerTimer called after profile-before-change notification. Ignoring timer registration for id: telemetry_modules_ping
1553596357864	mozrunner::runner	INFO	Running command: "/usr/local/bin/firefox" "-marionette" "-foreground" "-no-remote" "-profile" "/tmp/rust_mozprofile.GcxiEitS3VZS"
1553596360417	Marionette	INFO	Listening on port 37207
1553596360477	Marionette	WARN	TLS certificate errors will be ignored for this session

###!!! [Child][MessageChannel] Error: (msgtype=0x49000F,name=PHttpChannel::Msg___delete__) Channel closing: too late to send/recv, messages will be lost

[Parent 20424, Gecko_IOThread] WARNING: pipe error (65): Connection reset by peer: file /builds/worker/workspace/build/src/ipc/chromium/src/chrome/common/ipc_channel_posix.cc, line 353
*** UTM:SVC TimerManager:registerTimer called after profile-before-change notification. Ignoring timer registration for id: telemetry_modules_ping
1553596786238	mozrunner::runner	INFO	Running command: "/usr/local/bin/firefox" "-marionette" "-foreground" "-no-remote" "-profile" "/tmp/rust_mozprofile.TZFqumFY6j8U"
1553596788866	Marionette	INFO	Listening on port 46787
1553596788944	Marionette	WARN	TLS certificate errors will be ignored for this session
*** UTM:SVC TimerManager:registerTimer called after profile-before-change notification. Ignoring timer registration for id: telemetry_modules_ping
1553596989874	mozrunner::runner	INFO	Running command: "/usr/local/bin/firefox" "-marionette" "-foreground" "-no-remote" "-profile" "/tmp/rust_mozprofile.PmzKiVUqOomY"
1553596992129	Marionette	INFO	Listening on port 44915
1553596992179	Marionette	WARN	TLS certificate errors will be ignored for this session
IPDL protocol error: Handler returned error code!

###!!! [Parent][DispatchAsyncMessage] Error: PLayerTransaction::Msg_ReleaseLayer Processing error: message was deserialized, but the handler returned false (indicating failure)

IPDL protocol error: Handler returned error code!

###!!! [Parent][DispatchAsyncMessage] Error: PLayerTransaction::Msg_ReleaseLayer Processing error: message was deserialized, but the handler returned false (indicating failure)

IPDL protocol error: Handler returned error code!

###!!! [Parent][DispatchAsyncMessage] Error: PLayerTransaction::Msg_ReleaseLayer Processing error: message was deserialized, but the handler returned false (indicating failure)

IPDL protocol error: Handler returned error code!

###!!! [Parent][DispatchAsyncMessage] Error: PLayerTransaction::Msg_ReleaseLayer Processing error: message was deserialized, but the handler returned false (indicating failure)

IPDL protocol error: Handler returned error code!

###!!! [Parent][DispatchAsyncMessage] Error: PLayerTransaction::Msg_ReleaseLayer Processing error: message was deserialized, but the handler returned false (indicating failure)

[Parent 14363, Gecko_IOThread] WARNING: pipe error (58): Connection reset by peer: file /builds/worker/workspace/build/src/ipc/chromium/src/chrome/common/ipc_channel_posix.cc, line 353
1553601699801	mozrunner::runner	INFO	Running command: "/usr/local/bin/firefox" "-marionette" "-foreground" "-no-remote" "-profile" "/tmp/rust_mozprofile.UxsOkrMCEdIG"
1553601702061	Marionette	INFO	Listening on port 45793
1553601702120	Marionette	WARN	TLS certificate errors will be ignored for this session
1553601875416	mozrunner::runner	INFO	Running command: "/usr/local/bin/firefox" "-marionette" "-foreground" "-no-remote" "-profile" "/tmp/rust_mozprofile.LP7V9aOHGPLu"
1553601877729	Marionette	INFO	Listening on port 46239
1553601877826	Marionette	WARN	TLS certificate errors will be ignored for this session
[Parent 23260, Gecko_IOThread] WARNING: pipe error (52): Connection reset by peer: file /builds/worker/workspace/build/src/ipc/chromium/src/chrome/common/ipc_channel_posix.cc, line 353
*** UTM:SVC TimerManager:registerTimer called after profile-before-change notification. Ignoring timer registration for id: telemetry_modules_ping
1553601954225	mozrunner::runner	INFO	Running command: "/usr/local/bin/firefox" "-marionette" "-foreground" "-no-remote" "-profile" "/tmp/rust_mozprofile.h72zIl7nCKIS"
1553601956950	Marionette	INFO	Listening on port 45625
1553601957058	Marionette	WARN	TLS certificate errors will be ignored for this session
*** UTM:SVC TimerManager:registerTimer called after profile-before-change notification. Ignoring timer registration for id: telemetry_modules_ping
1553611303971	mozrunner::runner	INFO	Running command: "/usr/local/bin/firefox" "-marionette" "-foreground" "-no-remote" "-profile" "/tmp/rust_mozprofile.Ywzz0RO4HAIr"
1553611306750	Marionette	INFO	Listening on port 43597
1553611306779	Marionette	WARN	TLS certificate errors will be ignored for this session
IPDL protocol error: Handler returned error code!

###!!! [Parent][DispatchAsyncMessage] Error: PLayerTransaction::Msg_ReleaseLayer Processing error: message was deserialized, but the handler returned false (indicating failure)

*** UTM:SVC TimerManager:registerTimer called after profile-before-change notification. Ignoring timer registration for id: telemetry_modules_ping
1553611335452	mozrunner::runner	INFO	Running command: "/usr/local/bin/firefox" "-marionette" "-foreground" "-no-remote" "-profile" "/tmp/rust_mozprofile.j7n1BxKgrfCE"
1553611337982	Marionette	INFO	Listening on port 37421
1553611338061	Marionette	WARN	TLS certificate errors will be ignored for this session
